<?xml version="1.0" encoding="UTF-8"?>
<!-- Generated by org.testng.reporters.JUnitReportReporter -->
<testsuite hostname="Deepali" failures="0" tests="1" name="TestCases.LoginInvalidTC" time="2.048" errors="0" timestamp="2021-07-14T21:33:21 IST" skipped="0">
  <testcase classname="TestCases.LoginInvalidTC" name="invalidLogin" time="2.048"/>
  <system-out/>
</testsuite> <!-- TestCases.LoginInvalidTC -->
