<?xml version="1.0" encoding="UTF-8"?>
<!-- Generated by org.testng.reporters.JUnitReportReporter -->
<testsuite hostname="Deepali" failures="0" tests="1" name="TestCases.LoginTC" time="3.886" errors="0" timestamp="2021-07-14T21:33:21 IST" skipped="0">
  <testcase classname="TestCases.LoginTC" name="loginTest" time="3.886"/>
  <system-out/>
</testsuite> <!-- TestCases.LoginTC -->
