<?xml version="1.0" encoding="UTF-8"?>
<!-- Generated by org.testng.reporters.JUnitReportReporter -->
<testsuite hostname="Deepali" failures="0" tests="1" name="TestCases.UpdateStatusTC" time="15.310" errors="0" timestamp="2021-07-14T21:33:21 IST" skipped="0">
  <testcase classname="TestCases.UpdateStatusTC" name="update" time="15.310"/>
  <system-out/>
</testsuite> <!-- TestCases.UpdateStatusTC -->
